d:\c语言\vs2013\flappy\flappy\debug\vc120.pdb
d:\c语言\vs2013\flappy\flappy\debug\vc120.idb
d:\c语言\vs2013\flappy\flappy\debug\flappy bird.obj
d:\c语言\vs2013\flappy\flappy\debug\flappy.obj
e:\flappy\flappy\flappy\debug\vc140.pdb
e:\flappy\flappy\flappy\debug\vc140.idb
d:\c语言\vs2013\flappy\debug\flappy.ilk
d:\c语言\vs2013\flappy\debug\flappy.exe
d:\c语言\vs2013\flappy\debug\flappy.pdb
e:\flappy\flappy\flappy\debug\flappy.obj
e:\flappy\flappy\flappy\debug\vc120.idb
e:\flappy\flappy\flappy\debug\vc120.pdb
e:\flappy\flappy\debug\flappy.pdb
e:\flappy\flappy\debug\flappy.exe
e:\flappy\flappy\debug\flappy.ilk
e:\flappy\flappy\flappy\debug\flappy.tlog\cl.command.1.tlog
e:\flappy\flappy\flappy\debug\flappy.tlog\cl.read.1.tlog
e:\flappy\flappy\flappy\debug\flappy.tlog\cl.write.1.tlog
e:\flappy\flappy\flappy\debug\flappy.tlog\link.command.1.tlog
e:\flappy\flappy\flappy\debug\flappy.tlog\link.read.1.tlog
e:\flappy\flappy\flappy\debug\flappy.tlog\link.write.1.tlog
